0 info it worked if it ends with ok
1 verbose cli [ '/usr/local/bin/node',
1 verbose cli   '/usr/local/bin/npm',
1 verbose cli   'run-script',
1 verbose cli   'run-dbg' ]
2 info using npm@3.3.12
3 info using node@v5.3.0
4 verbose run-script [ 'prerun-dbg', 'run-dbg', 'postrun-dbg' ]
5 info lifecycle nodejs-mentoring-2-http@1.0.0~prerun-dbg: nodejs-mentoring-2-http@1.0.0
6 silly lifecycle nodejs-mentoring-2-http@1.0.0~prerun-dbg: no script for prerun-dbg, continuing
7 info lifecycle nodejs-mentoring-2-http@1.0.0~run-dbg: nodejs-mentoring-2-http@1.0.0
8 verbose lifecycle nodejs-mentoring-2-http@1.0.0~run-dbg: unsafe-perm in lifecycle true
9 verbose lifecycle nodejs-mentoring-2-http@1.0.0~run-dbg: PATH: /usr/local/lib/node_modules/npm/bin/node-gyp-bin:/home/pc-1/nodejs-mentoring-2-http/node_modules/.bin:/usr/local/sbin:/usr/local/bin:/usr/sbin:/usr/bin:/sbin:/bin:/usr/games:/usr/local/games
10 verbose lifecycle nodejs-mentoring-2-http@1.0.0~run-dbg: CWD: /home/pc-1/nodejs-mentoring-2-http
11 silly lifecycle nodejs-mentoring-2-http@1.0.0~run-dbg: Args: [ '-c', 'node --debug ./src/server.js' ]
12 silly lifecycle nodejs-mentoring-2-http@1.0.0~run-dbg: Returned: code: 1  signal: null
13 info lifecycle nodejs-mentoring-2-http@1.0.0~run-dbg: Failed to exec run-dbg script
14 verbose stack Error: nodejs-mentoring-2-http@1.0.0 run-dbg: `node --debug ./src/server.js`
14 verbose stack Exit status 1
14 verbose stack     at EventEmitter.<anonymous> (/usr/local/lib/node_modules/npm/lib/utils/lifecycle.js:232:16)
14 verbose stack     at emitTwo (events.js:87:13)
14 verbose stack     at EventEmitter.emit (events.js:172:7)
14 verbose stack     at ChildProcess.<anonymous> (/usr/local/lib/node_modules/npm/lib/utils/spawn.js:24:14)
14 verbose stack     at emitTwo (events.js:87:13)
14 verbose stack     at ChildProcess.emit (events.js:172:7)
14 verbose stack     at maybeClose (internal/child_process.js:818:16)
14 verbose stack     at Process.ChildProcess._handle.onexit (internal/child_process.js:211:5)
15 verbose pkgid nodejs-mentoring-2-http@1.0.0
16 verbose cwd /home/pc-1/nodejs-mentoring-2-http
17 error Linux 3.19.0-42-generic
18 error argv "/usr/local/bin/node" "/usr/local/bin/npm" "run-script" "run-dbg"
19 error node v5.3.0
20 error npm  v3.3.12
21 error code ELIFECYCLE
22 error nodejs-mentoring-2-http@1.0.0 run-dbg: `node --debug ./src/server.js`
22 error Exit status 1
23 error Failed at the nodejs-mentoring-2-http@1.0.0 run-dbg script 'node --debug ./src/server.js'.
23 error Make sure you have the latest version of node.js and npm installed.
23 error If you do, this is most likely a problem with the nodejs-mentoring-2-http package,
23 error not with npm itself.
23 error Tell the author that this fails on your system:
23 error     node --debug ./src/server.js
23 error You can get their info via:
23 error     npm owner ls nodejs-mentoring-2-http
23 error There is likely additional logging output above.
24 verbose exit [ 1, true ]
